Using pre-set license
Built from '2021.3/staging' branch; Version is '2021.3.22f1 (b6c551784ba3) revision 11978065'; Using compiler version '192829333'; Build Type 'Release'
OS: 'Windows 10  (10.0.19045) 64bit Professional' Language: 'en' Physical Memory: 32723 MB
BatchMode: 1, IsHumanControllingUs: 0, StartBugReporterOnCrash: 0, Is64bit: 1, IsPro: 1

COMMAND LINE ARGUMENTS:
H:\Unity Hub\2021.3.22f1\Editor\Unity.exe
-adb2
-batchMode
-noUpm
-name
AssetImportWorker2
-projectPath
H:/Unity Projects/OO Skills
-logFile
Logs/AssetImportWorker2.log
-srvPort
7224
Successfully changed project path to: H:/Unity Projects/OO Skills
H:/Unity Projects/OO Skills
[UnityMemory] Configuration Parameters - Can be set up in boot.config
    "memorysetup-bucket-allocator-granularity=16"
    "memorysetup-bucket-allocator-bucket-count=8"
    "memorysetup-bucket-allocator-block-size=33554432"
    "memorysetup-bucket-allocator-block-count=8"
    "memorysetup-main-allocator-block-size=16777216"
    "memorysetup-thread-allocator-block-size=16777216"
    "memorysetup-gfx-main-allocator-block-size=16777216"
    "memorysetup-gfx-thread-allocator-block-size=16777216"
    "memorysetup-cache-allocator-block-size=4194304"
    "memorysetup-typetree-allocator-block-size=2097152"
    "memorysetup-profiler-bucket-allocator-granularity=16"
    "memorysetup-profiler-bucket-allocator-bucket-count=8"
    "memorysetup-profiler-bucket-allocator-block-size=33554432"
    "memorysetup-profiler-bucket-allocator-block-count=8"
    "memorysetup-profiler-allocator-block-size=16777216"
    "memorysetup-profiler-editor-allocator-block-size=1048576"
    "memorysetup-temp-allocator-size-main=16777216"
    "memorysetup-job-temp-allocator-block-size=2097152"
    "memorysetup-job-temp-allocator-block-size-background=1048576"
    "memorysetup-job-temp-allocator-reduction-small-platforms=262144"
    "memorysetup-temp-allocator-size-background-worker=32768"
    "memorysetup-temp-allocator-size-job-worker=262144"
    "memorysetup-temp-allocator-size-preload-manager=33554432"
    "memorysetup-temp-allocator-size-nav-mesh-worker=65536"
    "memorysetup-temp-allocator-size-audio-worker=65536"
    "memorysetup-temp-allocator-size-cloud-worker=32768"
    "memorysetup-temp-allocator-size-gi-baking-worker=262144"
    "memorysetup-temp-allocator-size-gfx=262144"
Player connection [36980] Host "[IP] 192.168.0.143 [Port] 0 [Flags] 2 [Guid] 825078917 [EditorId] 825078917 [Version] 1048832 [Id] WindowsEditor(7,Artemis) [Debug] 1 [PackageName] WindowsEditor [ProjectName] Editor" joined multi-casting on [225.0.0.222:54997]...

Player connection [36980] Host "[IP] 192.168.0.143 [Port] 0 [Flags] 2 [Guid] 825078917 [EditorId] 825078917 [Version] 1048832 [Id] WindowsEditor(7,Artemis) [Debug] 1 [PackageName] WindowsEditor [ProjectName] Editor" joined alternative multi-casting on [225.0.0.222:34997]...

Refreshing native plugins compatible for Editor in 130.65 ms, found 4 plugins.
Preloading 0 native plugins for Editor in 0.00 ms.
Initialize engine version: 2021.3.22f1 (b6c551784ba3)
[Subsystems] Discovering subsystems at path H:/Unity Hub/2021.3.22f1/Editor/Data/Resources/UnitySubsystems
[Subsystems] Discovering subsystems at path H:/Unity Projects/OO Skills/Assets
GfxDevice: creating device client; threaded=0; jobified=0
Direct3D:
    Version:  Direct3D 11.0 [level 11.1]
    Renderer: NVIDIA GeForce GTX 1080 (ID=0x1b80)
    Vendor:   NVIDIA
    VRAM:     8079 MB
    Driver:   31.0.15.1694
Initialize mono
Mono path[0] = 'H:/Unity Hub/2021.3.22f1/Editor/Data/Managed'
Mono path[1] = 'H:/Unity Hub/2021.3.22f1/Editor/Data/MonoBleedingEdge/lib/mono/unityjit-win32'
Mono config path = 'H:/Unity Hub/2021.3.22f1/Editor/Data/MonoBleedingEdge/etc'
Using monoOptions --debugger-agent=transport=dt_socket,embedding=1,server=y,suspend=n,address=127.0.0.1:56584
Begin MonoManager ReloadAssembly
Registering precompiled unity dll's ...
Register platform support module: H:/Unity Hub/2021.3.22f1/Editor/Data/PlaybackEngines/WebGLSupport/UnityEditor.WebGL.Extensions.dll
Register platform support module: H:/Unity Hub/2021.3.22f1/Editor/Data/PlaybackEngines/WindowsStandaloneSupport/UnityEditor.WindowsStandalone.Extensions.dll
Registered in 0.003158 seconds.
Native extension for WindowsStandalone target not found
Native extension for WebGL target not found
Refreshing native plugins compatible for Editor in 120.87 ms, found 4 plugins.
Preloading 0 native plugins for Editor in 0.00 ms.
Mono: successfully reloaded assembly
- Completed reload, in  0.881 seconds
Domain Reload Profiling:
	ReloadAssembly (881ms)
		BeginReloadAssembly (141ms)
			ExecutionOrderSort (0ms)
			DisableScriptedObjects (0ms)
			BackupInstance (0ms)
			ReleaseScriptingObjects (0ms)
			CreateAndSetChildDomain (1ms)
		EndReloadAssembly (606ms)
			LoadAssemblies (140ms)
			RebuildTransferFunctionScriptingTraits (0ms)
			SetupTypeCache (152ms)
			ReleaseScriptCaches (0ms)
			RebuildScriptCaches (35ms)
			SetupLoadedEditorAssemblies (359ms)
				LogAssemblyErrors (0ms)
				InitializePlatformSupportModulesInManaged (9ms)
				SetLoadedEditorAssemblies (0ms)
				RefreshPlugins (121ms)
				BeforeProcessingInitializeOnLoad (1ms)
				ProcessInitializeOnLoadAttributes (168ms)
				ProcessInitializeOnLoadMethodAttributes (59ms)
				AfterProcessingInitializeOnLoad (0ms)
				EditorAssembliesLoaded (0ms)
			ExecutionOrderSort2 (0ms)
			AwakeInstancesAfterBackupRestoration (0ms)
Platform modules already initialized, skipping
Registering precompiled user dll's ...
Registered in 0.006166 seconds.
Begin MonoManager ReloadAssembly
Symbol file LoadedFromMemory doesn't match image H:\Unity Projects\OO Skills\Library\PackageCache\com.unity.visualscripting@1.8.0\Editor\VisualScripting.Core\Dependencies\YamlDotNet\Unity.VisualScripting.YamlDotNet.dll
Symbol file LoadedFromMemory doesn't match image H:\Unity Projects\OO Skills\Library\PackageCache\com.unity.visualscripting@1.8.0\Editor\VisualScripting.Core\Dependencies\DotNetZip\Unity.VisualScripting.IonicZip.dll
Native extension for WindowsStandalone target not found
Native extension for WebGL target not found
Refreshing native plugins compatible for Editor in 121.44 ms, found 4 plugins.
Preloading 0 native plugins for Editor in 0.00 ms.
Mono: successfully reloaded assembly
- Completed reload, in  6.404 seconds
Domain Reload Profiling:
	ReloadAssembly (6405ms)
		BeginReloadAssembly (149ms)
			ExecutionOrderSort (0ms)
			DisableScriptedObjects (7ms)
			BackupInstance (0ms)
			ReleaseScriptingObjects (0ms)
			CreateAndSetChildDomain (22ms)
		EndReloadAssembly (6042ms)
			LoadAssemblies (4639ms)
			RebuildTransferFunctionScriptingTraits (0ms)
			SetupTypeCache (691ms)
			ReleaseScriptCaches (1ms)
			RebuildScriptCaches (68ms)
			SetupLoadedEditorAssemblies (612ms)
				LogAssemblyErrors (0ms)
				InitializePlatformSupportModulesInManaged (7ms)
				SetLoadedEditorAssemblies (0ms)
				RefreshPlugins (122ms)
				BeforeProcessingInitializeOnLoad (102ms)
				ProcessInitializeOnLoadAttributes (338ms)
				ProcessInitializeOnLoadMethodAttributes (40ms)
				AfterProcessingInitializeOnLoad (4ms)
				EditorAssembliesLoaded (0ms)
			ExecutionOrderSort2 (0ms)
			AwakeInstancesAfterBackupRestoration (10ms)
Platform modules already initialized, skipping
Script is not up to date after domain reload: guid(8f99eea29fb7e4f7a9c7aad1730f329a) path("Packages/com.unity.inputsystem/InputSystem/Utilities/OneOrMore.cs") state(2)
Script is not up to date after domain reload: guid(bb4d45fbf0aa84484b251242fdb21800) path("Packages/com.unity.inputsystem/InputSystem/Plugins/Steam/SteamIGAConverter.cs") state(2)
Script is not up to date after domain reload: guid(7c6a2891083312645a7be416176261c1) path("Packages/com.unity.inputsystem/InputSystem/Utilities/CSharpCodeHelpers.cs") state(2)
Script is not up to date after domain reload: guid(ae42a3986cf84fe2aa1df4aa984dd806) path("Packages/com.unity.inputsystem/InputSystem/Plugins/HID/HIDDescriptorWindow.cs") state(2)
Script is not up to date after domain reload: guid(2fe2cf22711ac4db3b094a955603f8bd) path("Packages/com.unity.inputsystem/InputSystem/Editor/Internal/AdvancedDropdown/CallbackDataSource.cs") state(2)
Script is not up to date after domain reload: guid(0fb454a124e8649bb9326261b1739032) path("Packages/com.unity.inputsystem/InputSystem/Editor/Internal/AdvancedDropdown/AdvancedDropdownDataSource.cs") state(2)
Script is not up to date after domain reload: guid(dbce6ac3ce95e4e28af8b2212171619a) path("Packages/com.unity.inputsystem/InputSystem/Controls/Processors/CompensateDirectionProcessor.cs") state(2)
Script is not up to date after domain reload: guid(ade00164ed474391ba591b362f77149f) path("Packages/com.unity.inputsystem/InputSystem/Devices/Touchscreen.cs") state(2)
Script is not up to date after domain reload: guid(5c6284fecb53e48ee832bc14c64be6fb) path("Packages/com.unity.inputsystem/InputSystem/Devices/Commands/QueryPairedUserAccountCommand.cs") state(2)
Script is not up to date after domain reload: guid(bd166cb4f7947a8498e7ad07a9c04294) path("Packages/com.unity.inputsystem/InputSystem/Actions/InputActionRebindingExtensions.cs") state(2)
Script is not up to date after domain reload: guid(8b5bc678fe5c44624a0f00e148fc2670) path("Packages/com.unity.inputsystem/InputSystem/Devices/ITextInputReceiver.cs") state(2)
Script is not up to date after domain reload: guid(3f04ed13d477436fa6a48ff5d0d46d8c) path("Packages/com.unity.inputsystem/InputSystem/Utilities/Substring.cs") state(2)
Script is not up to date after domain reload: guid(df88ce51eaa14f2f8975023f7f45d2d9) path("Packages/com.unity.inputsystem/InputSystem/Plugins/DualShock/DualShockGamepad.cs") state(2)
Script is not up to date after domain reload: guid(ab2c7c4773181604f9b207518e96ca1b) path("Packages/com.unity.inputsystem/InputSystem/State/IInputStateChangeMonitor.cs") state(2)
Script is not up to date after domain reload: guid(6ef7b744d03d44f2a82c38ac2f25b21f) path("Packages/com.unity.inputsystem/InputSystem/Controls/Processors/CompensateRotationProcessor.cs") state(2)
Script is not up to date after domain reload: guid(ce150b9c1acd40e0a087ca3f3257831d) path("Packages/com.unity.inputsystem/InputSystem/Controls/InputControlPath.cs") state(2)
Script is not up to date after domain reload: guid(3da49be2d645b418c8ee308bb1a011c7) path("Packages/com.unity.inputsystem/InputSystem/Plugins/Linux/LinuxSupport.cs") state(2)
Script is not up to date after domain reload: guid(be272fdf97df4e8daf1393dabdfa4cb8) path("Packages/com.unity.inputsystem/InputSystem/Actions/Composites/TwoModifiersComposite.cs") state(2)
Script is not up to date after domain reload: guid(3cf42e49077e442fd8b9dc29c328d345) path("Packages/com.unity.inputsystem/InputSystem/Plugins/EnhancedTouch/EnhancedTouchSupport.cs") state(2)
Script is not up to date after domain reload: guid(9e0ea5a9f932f6541962b1bf7934f7c3) path("Packages/com.unity.inputsystem/InputSystem/Devices/Commands/EnableIMECompositionCommand.cs") state(2)
Script is not up to date after domain reload: guid(af015677ecab4644b2382c6b37c2d95c) path("Packages/com.unity.inputsystem/InputSystem/Devices/InputDeviceChange.cs") state(2)
Script is not up to date after domain reload: guid(ff1bc3762d8741ff8f40d54da690efb1) path("Packages/com.unity.inputsystem/InputSystem/Utilities/FourCC.cs") state(2)
Script is not up to date after domain reload: guid(ec5b5d14e5b51f44abf18ab8f288cdb5) path("Packages/com.unity.inputsystem/InputSystem/Plugins/OSX/OSXSupport.cs") state(2)
Script is not up to date after domain reload: guid(2c5f144140b7e48d48eb67d2decae17b) path("Packages/com.unity.inputsystem/InputSystem/InputExtensions.cs") state(2)
Script is not up to date after domain reload: guid(6d54531977ecb194c95e2d3aa7a5d72a) path("Packages/com.unity.inputsystem/InputSystem/Plugins/OnScreen/OnScreenButton.cs") state(2)
Script is not up to date after domain reload: guid(cda1b45d3bda468a95dca208b99174da) path("Packages/com.unity.inputsystem/InputSystem/Actions/Composites/Vector3Composite.cs") state(2)
Script is not up to date after domain reload: guid(6bd8ebd167bb9d34cabf0b443f2d1aaa) path("Packages/com.unity.inputsystem/InputSystem/Actions/Interactions/HoldInteraction.cs") state(2)
Script is not up to date after domain reload: guid(6bb362cb9a8353d44997049a67efe591) path("Packages/com.unity.inputsystem/InputSystem/Devices/InputDeviceMatcher.cs") state(2)
Script is not up to date after domain reload: guid(bdf4b325f88d407f9013b427a6b33c58) path("Packages/com.unity.inputsystem/InputSystem/State/IInputStateTypeInfo.cs") state(2)
Script is not up to date after domain reload: guid(ccdc5c2ae66744782ab7e326c053ad0a) path("Packages/com.unity.inputsystem/InputSystem/State/InputStateHistory.cs") state(2)
Script is not up to date after domain reload: guid(4ff1587ed21f442578f1ad36c4779a95) path("Packages/com.unity.inputsystem/InputSystem/Actions/InputActionTrace.cs") state(2)
Script is not up to date after domain reload: guid(0e235e01f7e6408f87e899ac373c85d1) path("Packages/com.unity.inputsystem/InputSystem/Plugins/DualShock/IDualShockHaptics.cs") state(2)
Script is not up to date after domain reload: guid(ee46ea662a1d4d2397d0b3a45baf67ef) path("Packages/com.unity.inputsystem/InputSystem/Devices/Haptics/DualMotorRumbleCommand.cs") state(2)
Script is not up to date after domain reload: guid(fb0e54f1ead384cd191254077544faf0) path("Packages/com.unity.inputsystem/InputSystem/Editor/AssetEditor/ParameterListView.cs") state(2)
Script is not up to date after domain reload: guid(6e444fe6609243258e0a7746c163373a) path("Packages/com.unity.inputsystem/InputSystem/Controls/AnyKeyControl.cs") state(2)
Script is not up to date after domain reload: guid(6e687839a3c5f7a4ea700f2967051b3d) path("Packages/com.unity.inputsystem/InputSystem/Utilities/Comparers.cs") state(2)
Script is not up to date after domain reload: guid(bd2cb6115f94b4c129408ea68717f9c3) path("Packages/com.unity.inputsystem/InputSystem/Plugins/UI/StandaloneInputModuleEditor.cs") state(2)
Script is not up to date after domain reload: guid(8d659406a304446c599b9ec454663c46) path("Packages/com.unity.inputsystem/InputSystem/Editor/Debugger/InputActionDebuggerWindow.cs") state(2)
Script is not up to date after domain reload: guid(4f0b0cfb7c484e43823c1a038c97a5f3) path("Packages/com.unity.inputsystem/InputSystem/Plugins/HID/HIDSupport.cs") state(2)
Script is not up to date after domain reload: guid(cfe12f5319f74d9e8b0875e965ac280b) path("Packages/com.unity.inputsystem/InputSystem/Actions/InputAction.cs") state(2)
Script is not up to date after domain reload: guid(7ffe30fd9a2d64031a59c21418fb2067) path("Packages/com.unity.inputsystem/InputSystem/Plugins/Steam/SteamControllerType.cs") state(2)
Script is not up to date after domain reload: guid(bd4bfc3c0efb44494be7101204897b7e) path("Packages/com.unity.inputsystem/InputSystem/Plugins/WebGL/WebGLSupport.cs") state(2)
Script is not up to date after domain reload: guid(afe3cda3e244f60419474164d6ba3b0b) path("Packages/com.unity.inputsystem/InputSystem/Plugins/UI/TrackedDeviceRaycaster.cs") state(2)
Script is not up to date after domain reload: guid(7e988a22b82d97847b9e8e3cf14a1526) path("Packages/com.unity.inputsystem/InputSystem/Utilities/SavedState.cs") state(2)
Script is not up to date after domain reload: guid(cf29acc15e9bb2246965162123659116) path("Packages/com.unity.inputsystem/InputSystem/Utilities/SpriteUtilities.cs") state(2)
Script is not up to date after domain reload: guid(ef4e8c908ae24e438f4baea55d866f5e) path("Packages/com.unity.inputsystem/InputSystem/State/InputStateBlock.cs") state(2)
Script is not up to date after domain reload: guid(bb39cf984021140a3adc2419327534a7) path("Packages/com.unity.inputsystem/InputSystem/Events/IMECompositionEvent.cs") state(2)
Script is not up to date after domain reload: guid(9e37175fb5b321444aa88a861f93360a) path("Packages/com.unity.inputsystem/InputSystem/Actions/IInputInteraction.cs") state(2)
Script is not up to date after domain reload: guid(fbe76c3f0e980e6468b895ac1133c20d) path("Packages/com.unity.inputsystem/InputSystem/Actions/InputBindingCompositeContext.cs") state(2)
Script is not up to date after domain reload: guid(ae31a855334ecf64f848ae8e0b4e5a24) path("Packages/com.unity.inputsystem/InputSystem/Actions/InputActionSetupExtensions.cs") state(2)
Script is not up to date after domain reload: guid(5cdce2bffd1e49bda08b3db54a031207) path("Packages/com.unity.inputsystem/InputSystem/InputSystemObject.cs") state(2)
Script is not up to date after domain reload: guid(4e49477f346c4f3a8c9e5fcdcde317ed) path("Packages/com.unity.inputsystem/InputSystem/Devices/Commands/QueryKeyNameCommand.cs") state(2)
Script is not up to date after domain reload: guid(6f91aa063fcc645ea8061ce0ae4f6f2b) path("Packages/com.unity.inputsystem/InputSystem/Plugins/WebGL/WebGLJoystick.cs") state(2)
Script is not up to date after domain reload: guid(6e6d0cbdd012f434392878fdc293f974) path("Packages/com.unity.inputsystem/InputSystem/Devices/Commands/QueryEnabledStateCommand.cs") state(2)
Script is not up to date after domain reload: guid(9e082355c53c54d19a09c1d4f7629360) path("Packages/com.unity.inputsystem/InputSystem/Utilities/JsonParser.cs") state(2)
Script is not up to date after domain reload: guid(3e12c30fe9774947a81ce7eb7054cfb7) path("Packages/com.unity.inputsystem/InputSystem/Utilities/Observables/SelectManyObservable.cs") state(2)
Script is not up to date after domain reload: guid(bb7aebed4ffd404da3399f60b272c7ee) path("Packages/com.unity.inputsystem/InputSystem/Devices/IInputUpdateCallbackReceiver.cs") state(2)
Script is not up to date after domain reload: guid(0c8442e8094ce974598eacc0302ddabb) path("Packages/com.unity.inputsystem/InputSystem/Plugins/Android/AndroidSupport.cs") state(2)
Script is not up to date after domain reload: guid(decf522e52f74f9e80b4dc87986cca70) path("Packages/com.unity.inputsystem/InputSystem/InputUpdateType.cs") state(2)
Script is not up to date after domain reload: guid(eb55afc2c109f42f2af37941a8c9300e) path("Packages/com.unity.inputsystem/InputSystem/Editor/AssetEditor/InputActionEditorWindow.cs") state(2)
Script is not up to date after domain reload: guid(7eca76cf669745feb0c71655dbad352f) path("Packages/com.unity.inputsystem/InputSystem/Utilities/TypeHelpers.cs") state(2)
Script is not up to date after domain reload: guid(4e9c0b68df9234a0bad68ad7e0391330) path("Packages/com.unity.inputsystem/InputSystem/Actions/Composites/Vector2Composite.cs") state(2)
Script is not up to date after domain reload: guid(cc69a9a42102dea4dafad4147e3ed98e) path("Packages/com.unity.inputsystem/InputSystem/Plugins/PlayerInput/DefaultInputActions.cs") state(2)
Script is not up to date after domain reload: guid(0c43a6876f1eb4fdf8b9dc2fee926776) path("Packages/com.unity.inputsystem/InputSystem/Actions/InputActionProperty.cs") state(2)
Script is not up to date after domain reload: guid(7bef150b341c4d0dbab3db81ccf2ea81) path("Packages/com.unity.inputsystem/InputSystem/Plugins/Steam/SteamSupport.cs") state(2)
Script is not up to date after domain reload: guid(8d76c8b08c287594c9bf5d6c70fb8699) path("Packages/com.unity.inputsystem/InputSystem/Devices/Commands/EnableDeviceCommand.cs") state(2)
Script is not up to date after domain reload: guid(0dd5cd31dc0a44e8979c69bd6ef78686) path("Packages/com.unity.inputsystem/InputSystem/Plugins/XInput/XInputSupport.cs") state(2)
Script is not up to date after domain reload: guid(9d9d9634637c440896a123c44c9e262b) path("Packages/com.unity.inputsystem/InputSystem/Utilities/MiscHelpers.cs") state(2)
Script is not up to date after domain reload: guid(9e1e1ebbe5ff04f03bf06ab5398454cf) path("Packages/com.unity.inputsystem/InputSystem/Editor/AssetEditor/InputActionEditorToolbar.cs") state(2)
Script is not up to date after domain reload: guid(0ffbcc8a975d04f12967a085a10aeb7b) path("Packages/com.unity.inputsystem/InputSystem/Utilities/NameAndParameters.cs") state(2)
Script is not up to date after domain reload: guid(6e4e169a1433dc94cb99eff69a1c6be8) path("Packages/com.unity.inputsystem/InputSystem/Utilities/PredictiveParser.cs") state(2)
Script is not up to date after domain reload: guid(3e9857b4032c493aa79e61db86f9e09b) path("Packages/com.unity.inputsystem/InputSystem/Controls/QuaternionControl.cs") state(2)
Script is not up to date after domain reload: guid(fc1515ab76e54f068e2f2207940fab32) path("Packages/com.unity.inputsystem/InputSystem/Actions/InputActionReference.cs") state(2)
Script is not up to date after domain reload: guid(cf624ae4ff5e44cebdcba54ae1ff380a) path("Packages/com.unity.inputsystem/InputSystem/Controls/CommonUsages.cs") state(2)
Script is not up to date after domain reload: guid(dda83392ceab4fddbb9f3c7dd5edde62) path("Packages/com.unity.inputsystem/InputSystem/Events/TextEvent.cs") state(2)
Script is not up to date after domain reload: guid(7d7a42e3bb8b4c0f877cbe19718a4103) path("Packages/com.unity.inputsystem/InputSystem/Controls/KeyControl.cs") state(2)
Script is not up to date after domain reload: guid(bb83bbf668a324899963d1ea424c5ad0) path("Packages/com.unity.inputsystem/InputSystem/Utilities/DelegateHelpers.cs") state(2)
Script is not up to date after domain reload: guid(2e3ecb5c3d351df489bd05ac1d820a6a) path("Packages/com.unity.inputsystem/InputSystem/Controls/TouchPhaseControl.cs") state(2)
Script is not up to date after domain reload: guid(ab9baa68d9998419ba6b1bd76b11b630) path("Packages/com.unity.inputsystem/InputSystem/Plugins/Steam/SteamController.cs") state(2)
Script is not up to date after domain reload: guid(6d671947d51444fb9b8a4bf96c16bfed) path("Packages/com.unity.inputsystem/InputSystem/Editor/Internal/EditorHelpers.cs") state(2)
Script is not up to date after domain reload: guid(8b78cdd0ba4454fd69b2be04e825d921) path("Packages/com.unity.inputsystem/InputSystem/Controls/Processors/NormalizeVector3Processor.cs") state(2)
Script is not up to date after domain reload: guid(3ec5135f9c8612d42a83f87500580afa) path("Packages/com.unity.inputsystem/InputSystem/Utilities/TypeTable.cs") state(2)
Script is not up to date after domain reload: guid(4f4390a0cc25d424d9adc1d6d6699a1f) path("Packages/com.unity.inputsystem/InputSystem/Editor/ControlPicker/IInputControlPickerLayout.cs") state(2)
Script is not up to date after domain reload: guid(3c197002ad4232e46b0c55f74469fa03) path("Packages/com.unity.inputsystem/InputSystem/Plugins/Switch/SwitchProControllerHID.cs") state(2)
Script is not up to date after domain reload: guid(6c784a1510a154625903484b84c8ddaf) path("Packages/com.unity.inputsystem/InputSystem/Devices/Commands/QueryUserIdCommand.cs") state(2)
Script is not up to date after domain reload: guid(cec9e0ea8cd94017b8667cd540d61948) path("Packages/com.unity.inputsystem/InputSystem/Editor/BuildPipeline/LinkFileGenerator.cs") state(2)
Script is not up to date after domain reload: guid(2f971d46c202b4b7a90865bf5600683f) path("Packages/com.unity.inputsystem/InputSystem/Plugins/Steam/SteamHandle.cs") state(2)
Script is not up to date after domain reload: guid(6efadb7e1c29b4055adbd232610a4179) path("Packages/com.unity.inputsystem/InputSystem/Actions/InputBindingComposite.cs") state(2)
Script is not up to date after domain reload: guid(0e297b4219a224ba5bcb4f9293e26ea9) path("Packages/com.unity.inputsystem/InputSystem/Actions/IInputActionCollection.cs") state(2)
Script is not up to date after domain reload: guid(0e0c005ff24ec4cfb951eefa16239b9b) path("Packages/com.unity.inputsystem/InputSystem/Utilities/NamedValue.cs") state(2)
Script is not up to date after domain reload: guid(3d2dbd5e535742a18f979fdaa69e3627) path("Packages/com.unity.inputsystem/InputSystem/Plugins/XInput/IXboxOneRumble.cs") state(2)
Script is not up to date after domain reload: guid(ef73fbf6f536c4184845d789870911a3) path("Packages/com.unity.inputsystem/InputSystem/Plugins/XInput/XboxGamepadMacOS.cs") state(2)
Script is not up to date after domain reload: guid(db7a158b580fb4518ae82aa029a54892) path("Packages/com.unity.inputsystem/InputSystem/Editor/ControlPicker/InputControlPickerDropdown.cs") state(2)
Script is not up to date after domain reload: guid(8ccfc0b2d0da54246a3a9a3938b52fa4) path("Packages/com.unity.inputsystem/InputSystem/Events/InputEventStream.cs") state(2)
Script is not up to date after domain reload: guid(ce1664b057efc40759e0da41d54e3e4e) path("Packages/com.unity.inputsystem/InputSystem/Plugins/Users/InputUserChange.cs") state(2)
Script is not up to date after domain reload: guid(bca227b3a59246a197db2ff52b862072) path("Packages/com.unity.inputsystem/InputSystem/Plugins/UI/ExtendedPointerEventData.cs") state(2)
Script is not up to date after domain reload: guid(ede17f8b7e9dfcf42b560545a8102eeb) path("Packages/com.unity.inputsystem/InputSystem/Plugins/Android/AndroidKeyCode.cs") state(2)
Script is not up to date after domain reload: guid(4eac2aa5bc9a4fc1b87308eec2acf8b1) path("Packages/com.unity.inputsystem/InputSystem/Devices/Pen.cs") state(2)
Script is not up to date after domain reload: guid(dfa8add0e3ed349708aeadc8b8c1ad0f) path("Packages/com.unity.inputsystem/InputSystem/Editor/ControlPicker/InputControlPickerState.cs") state(2)
Script is not up to date after domain reload: guid(5b23e3210ca74ea9ae4fe882b9bce278) path("Packages/com.unity.inputsystem/InputSystem/Events/InputEventTrace.cs") state(2)
Script is not up to date after domain reload: guid(9c425cd71d0042cbbd24386f4e4b9ec1) path("Packages/com.unity.inputsystem/InputSystem/Devices/Precompiled/FastMouse.partial.cs") state(2)
Script is not up to date after domain reload: guid(3c764fcc1188a6e489f8c305ff4077a6) path("Packages/com.unity.inputsystem/InputSystem/Devices/Commands/QueryEditorWindowCoordinatesCommand.cs") state(2)
Script is not up to date after domain reload: guid(7c93968c9be74a1fa43a3dad5eed4cbd) path("Packages/com.unity.inputsystem/InputSystem/Editor/Internal/InputActionSerializationHelpers.cs") state(2)
Script is not up to date after domain reload: guid(4f7d29e15c49c49499875a6a2378f2a4) path("Packages/com.unity.inputsystem/InputSystem/Editor/InputParameterEditor.cs") state(2)
Script is not up to date after domain reload: guid(5f84d6a1bd34ea6428fa1db0e9f459cb) path("Packages/com.unity.inputsystem/InputSystem/Plugins/XR/Haptics/SendHapticImpulseCommand.cs") state(2)
Script is not up to date after domain reload: guid(4cc0c6a7fa1c14a518fec64497f4937f) path("Packages/com.unity.inputsystem/InputSystem/Plugins/EnhancedTouch/TouchHistory.cs") state(2)
========================================================================
Worker process is ready to serve import requests
Script is not up to date after domain reload: guid(8f99eea29fb7e4f7a9c7aad1730f329a) path("Packages/com.unity.inputsystem/InputSystem/Utilities/OneOrMore.cs") state(2)
Script is not up to date after domain reload: guid(7c6a2891083312645a7be416176261c1) path("Packages/com.unity.inputsystem/InputSystem/Utilities/CSharpCodeHelpers.cs") state(2)
Script is not up to date after domain reload: guid(ae42a3986cf84fe2aa1df4aa984dd806) path("Packages/com.unity.inputsystem/InputSystem/Plugins/HID/HIDDescriptorWindow.cs") state(2)
Script is not up to date after domain reload: guid(2fe2cf22711ac4db3b094a955603f8bd) path("Packages/com.unity.inputsystem/InputSystem/Editor/Internal/AdvancedDropdown/CallbackDataSource.cs") state(2)
Script is not up to date after domain reload: guid(0fb454a124e8649bb9326261b1739032) path("Packages/com.unity.inputsystem/InputSystem/Editor/Internal/AdvancedDropdown/AdvancedDropdownDataSource.cs") state(2)
Script is not up to date after domain reload: guid(ade00164ed474391ba591b362f77149f) path("Packages/com.unity.inputsystem/InputSystem/Devices/Touchscreen.cs") state(2)
Script is not up to date after domain reload: guid(bd166cb4f7947a8498e7ad07a9c04294) path("Packages/com.unity.inputsystem/InputSystem/Actions/InputActionRebindingExtensions.cs") state(2)
Script is not up to date after domain reload: guid(3f04ed13d477436fa6a48ff5d0d46d8c) path("Packages/com.unity.inputsystem/InputSystem/Utilities/Substring.cs") state(2)
Script is not up to date after domain reload: guid(df88ce51eaa14f2f8975023f7f45d2d9) path("Packages/com.unity.inputsystem/InputSystem/Plugins/DualShock/DualShockGamepad.cs") state(2)
Script is not up to date after domain reload: guid(6ef7b744d03d44f2a82c38ac2f25b21f) path("Packages/com.unity.inputsystem/InputSystem/Controls/Processors/CompensateRotationProcessor.cs") state(2)
Script is not up to date after domain reload: guid(ce150b9c1acd40e0a087ca3f3257831d) path("Packages/com.unity.inputsystem/InputSystem/Controls/InputControlPath.cs") state(2)
Script is not up to date after domain reload: guid(3da49be2d645b418c8ee308bb1a011c7) path("Packages/com.unity.inputsystem/InputSystem/Plugins/Linux/LinuxSupport.cs") state(2)
Script is not up to date after domain reload: guid(be272fdf97df4e8daf1393dabdfa4cb8) path("Packages/com.unity.inputsystem/InputSystem/Actions/Composites/TwoModifiersComposite.cs") state(2)
Script is not up to date after domain reload: guid(9e0ea5a9f932f6541962b1bf7934f7c3) path("Packages/com.unity.inputsystem/InputSystem/Devices/Commands/EnableIMECompositionCommand.cs") state(2)
Script is not up to date after domain reload: guid(af015677ecab4644b2382c6b37c2d95c) path("Packages/com.unity.inputsystem/InputSystem/Devices/InputDeviceChange.cs") state(2)
Script is not up to date after domain reload: guid(ff1bc3762d8741ff8f40d54da690efb1) path("Packages/com.unity.inputsystem/InputSystem/Utilities/FourCC.cs") state(2)
Script is not up to date after domain reload: guid(ec5b5d14e5b51f44abf18ab8f288cdb5) path("Packages/com.unity.inputsystem/InputSystem/Plugins/OSX/OSXSupport.cs") state(2)
Script is not up to date after domain reload: guid(6d54531977ecb194c95e2d3aa7a5d72a) path("Packages/com.unity.inputsystem/InputSystem/Plugins/OnScreen/OnScreenButton.cs") state(2)
Script is not up to date after domain reload: guid(cda1b45d3bda468a95dca208b99174da) path("Packages/com.unity.inputsystem/InputSystem/Actions/Composites/Vector3Composite.cs") state(2)
Script is not up to date after domain reload: guid(bdf4b325f88d407f9013b427a6b33c58) path("Packages/com.unity.inputsystem/InputSystem/State/IInputStateTypeInfo.cs") state(2)
Script is not up to date after domain reload: guid(ccdc5c2ae66744782ab7e326c053ad0a) path("Packages/com.unity.inputsystem/InputSystem/State/InputStateHistory.cs") state(2)
Script is not up to date after domain reload: guid(4ff1587ed21f442578f1ad36c4779a95) path("Packages/com.unity.inputsystem/InputSystem/Actions/InputActionTrace.cs") state(2)
Script is not up to date after domain reload: guid(0e235e01f7e6408f87e899ac373c85d1) path("Packages/com.unity.inputsystem/InputSystem/Plugins/DualShock/IDualShockHaptics.cs") state(2)
Script is not up to date after domain reload: guid(ee46ea662a1d4d2397d0b3a45baf67ef) path("Packages/com.unity.inputsystem/InputSystem/Devices/Haptics/DualMotorRumbleCommand.cs") state(2)
Script is not up to date after domain reload: guid(6e444fe6609243258e0a7746c163373a) path("Packages/com.unity.inputsystem/InputSystem/Controls/AnyKeyControl.cs") state(2)
Script is not up to date after domain reload: guid(6e687839a3c5f7a4ea700f2967051b3d) path("Packages/com.unity.inputsystem/InputSystem/Utilities/Comparers.cs") state(2)
Script is not up to date after domain reload: guid(bd2cb6115f94b4c129408ea68717f9c3) path("Packages/com.unity.inputsystem/InputSystem/Plugins/UI/StandaloneInputModuleEditor.cs") state(2)
Script is not up to date after domain reload: guid(8d659406a304446c599b9ec454663c46) path("Packages/com.unity.inputsystem/InputSystem/Editor/Debugger/InputActionDebuggerWindow.cs") state(2)
Script is not up to date after domain reload: guid(4f0b0cfb7c484e43823c1a038c97a5f3) path("Packages/com.unity.inputsystem/InputSystem/Plugins/HID/HIDSupport.cs") state(2)
Script is not up to date after domain reload: guid(cfe12f5319f74d9e8b0875e965ac280b) path("Packages/com.unity.inputsystem/InputSystem/Actions/InputAction.cs") state(2)
Script is not up to date after domain reload: guid(7ffe30fd9a2d64031a59c21418fb2067) path("Packages/com.unity.inputsystem/InputSystem/Plugins/Steam/SteamControllerType.cs") state(2)
Script is not up to date after domain reload: guid(bd4bfc3c0efb44494be7101204897b7e) path("Packages/com.unity.inputsystem/InputSystem/Plugins/WebGL/WebGLSupport.cs") state(2)
Script is not up to date after domain reload: guid(afe3cda3e244f60419474164d6ba3b0b) path("Packages/com.unity.inputsystem/InputSystem/Plugins/UI/TrackedDeviceRaycaster.cs") state(2)
Script is not up to date after domain reload: guid(7e988a22b82d97847b9e8e3cf14a1526) path("Packages/com.unity.inputsystem/InputSystem/Utilities/SavedState.cs") state(2)
Script is not up to date after domain reload: guid(cf29acc15e9bb2246965162123659116) path("Packages/com.unity.inputsystem/InputSystem/Utilities/SpriteUtilities.cs") state(2)
Script is not up to date after domain reload: guid(ef4e8c908ae24e438f4baea55d866f5e) path("Packages/com.unity.inputsystem/InputSystem/State/InputStateBlock.cs") state(2)
Script is not up to date after domain reload: guid(9e37175fb5b321444aa88a861f93360a) path("Packages/com.unity.inputsystem/InputSystem/Actions/IInputInteraction.cs") state(2)
Script is not up to date after domain reload: guid(ae31a855334ecf64f848ae8e0b4e5a24) path("Packages/com.unity.inputsystem/InputSystem/Actions/InputActionSetupExtensions.cs") state(2)
Script is not up to date after domain reload: guid(5cdce2bffd1e49bda08b3db54a031207) path("Packages/com.unity.inputsystem/InputSystem/InputSystemObject.cs") state(2)
Script is not up to date after domain reload: guid(4e49477f346c4f3a8c9e5fcdcde317ed) path("Packages/com.unity.inputsystem/InputSystem/Devices/Commands/QueryKeyNameCommand.cs") state(2)
Script is not up to date after domain reload: guid(6f91aa063fcc645ea8061ce0ae4f6f2b) path("Packages/com.unity.inputsystem/InputSystem/Plugins/WebGL/WebGLJoystick.cs") state(2)
Script is not up to date after domain reload: guid(6e6d0cbdd012f434392878fdc293f974) path("Packages/com.unity.inputsystem/InputSystem/Devices/Commands/QueryEnabledStateCommand.cs") state(2)
Script is not up to date after domain reload: guid(9e082355c53c54d19a09c1d4f7629360) path("Packages/com.unity.inputsystem/InputSystem/Utilities/JsonParser.cs") state(2)
Script is not up to date after domain reload: guid(3e12c30fe9774947a81ce7eb7054cfb7) path("Packages/com.unity.inputsystem/InputSystem/Utilities/Observables/SelectManyObservable.cs") state(2)
Script is not up to date after domain reload: guid(decf522e52f74f9e80b4dc87986cca70) path("Packages/com.unity.inputsystem/InputSystem/InputUpdateType.cs") state(2)
Script is not up to date after domain reload: guid(7eca76cf669745feb0c71655dbad352f) path("Packages/com.unity.inputsystem/InputSystem/Utilities/TypeHelpers.cs") state(2)
Script is not up to date after domain reload: guid(4e9c0b68df9234a0bad68ad7e0391330) path("Packages/com.unity.inputsystem/InputSystem/Actions/Composites/Vector2Composite.cs") state(2)
Script is not up to date after domain reload: guid(cc69a9a42102dea4dafad4147e3ed98e) path("Packages/com.unity.inputsystem/InputSystem/Plugins/PlayerInput/DefaultInputActions.cs") state(2)
Script is not up to date after domain reload: guid(8d76c8b08c287594c9bf5d6c70fb8699) path("Packages/com.unity.inputsystem/InputSystem/Devices/Commands/EnableDeviceCommand.cs") state(2)
Script is not up to date after domain reload: guid(0dd5cd31dc0a44e8979c69bd6ef78686) path("Packages/com.unity.inputsystem/InputSystem/Plugins/XInput/XInputSupport.cs") state(2)
Script is not up to date after domain reload: guid(9d9d9634637c440896a123c44c9e262b) path("Packages/com.unity.inputsystem/InputSystem/Utilities/MiscHelpers.cs") state(2)
Script is not up to date after domain reload: guid(9e1e1ebbe5ff04f03bf06ab5398454cf) path("Packages/com.unity.inputsystem/InputSystem/Editor/AssetEditor/InputActionEditorToolbar.cs") state(2)
Script is not up to date after domain reload: guid(0ffbcc8a975d04f12967a085a10aeb7b) path("Packages/com.unity.inputsystem/InputSystem/Utilities/NameAndParameters.cs") state(2)
Script is not up to date after domain reload: guid(6e4e169a1433dc94cb99eff69a1c6be8) path("Packages/com.unity.inputsystem/InputSystem/Utilities/PredictiveParser.cs") state(2)
Script is not up to date after domain reload: guid(3e9857b4032c493aa79e61db86f9e09b) path("Packages/com.unity.inputsystem/InputSystem/Controls/QuaternionControl.cs") state(2)
Script is not up to date after domain reload: guid(fc1515ab76e54f068e2f2207940fab32) path("Packages/com.unity.inputsystem/InputSystem/Actions/InputActionReference.cs") state(2)
Script is not up to date after domain reload: guid(cf624ae4ff5e44cebdcba54ae1ff380a) path("Packages/com.unity.inputsystem/InputSystem/Controls/CommonUsages.cs") state(2)
Script is not up to date after domain reload: guid(dda83392ceab4fddbb9f3c7dd5edde62) path("Packages/com.unity.inputsystem/InputSystem/Events/TextEvent.cs") state(2)
Script is not up to date after domain reload: guid(7d7a42e3bb8b4c0f877cbe19718a4103) path("Packages/com.unity.inputsystem/InputSystem/Controls/KeyControl.cs") state(2)
Script is not up to date after domain reload: guid(2e3ecb5c3d351df489bd05ac1d820a6a) path("Packages/com.unity.inputsystem/InputSystem/Controls/TouchPhaseControl.cs") state(2)
Script is not up to date after domain reload: guid(6d671947d51444fb9b8a4bf96c16bfed) path("Packages/com.unity.inputsystem/InputSystem/Editor/Internal/EditorHelpers.cs") state(2)
Script is not up to date after domain reload: guid(3ec5135f9c8612d42a83f87500580afa) path("Packages/com.unity.inputsystem/InputSystem/Utilities/TypeTable.cs") state(2)
Script is not up to date after domain reload: guid(4f4390a0cc25d424d9adc1d6d6699a1f) path("Packages/com.unity.inputsystem/InputSystem/Editor/ControlPicker/IInputControlPickerLayout.cs") state(2)
Script is not up to date after domain reload: guid(6c784a1510a154625903484b84c8ddaf) path("Packages/com.unity.inputsystem/InputSystem/Devices/Commands/QueryUserIdCommand.cs") state(2)
Script is not up to date after domain reload: guid(cec9e0ea8cd94017b8667cd540d61948) path("Packages/com.unity.inputsystem/InputSystem/Editor/BuildPipeline/LinkFileGenerator.cs") state(2)
Script is not up to date after domain reload: guid(2f971d46c202b4b7a90865bf5600683f) path("Packages/com.unity.inputsystem/InputSystem/Plugins/Steam/SteamHandle.cs") state(2)
Script is not up to date after domain reload: guid(6efadb7e1c29b4055adbd232610a4179) path("Packages/com.unity.inputsystem/InputSystem/Actions/InputBindingComposite.cs") state(2)
Script is not up to date after domain reload: guid(0e297b4219a224ba5bcb4f9293e26ea9) path("Packages/com.unity.inputsystem/InputSystem/Actions/IInputActionCollection.cs") state(2)
Script is not up to date after domain reload: guid(0e0c005ff24ec4cfb951eefa16239b9b) path("Packages/com.unity.inputsystem/InputSystem/Utilities/NamedValue.cs") state(2)
Script is not up to date after domain reload: guid(3d2dbd5e535742a18f979fdaa69e3627) path("Packages/com.unity.inputsystem/InputSystem/Plugins/XInput/IXboxOneRumble.cs") state(2)
Script is not up to date after domain reload: guid(ef73fbf6f536c4184845d789870911a3) path("Packages/com.unity.inputsystem/InputSystem/Plugins/XInput/XboxGamepadMacOS.cs") state(2)
Script is not up to date after domain reload: guid(8ccfc0b2d0da54246a3a9a3938b52fa4) path("Packages/com.unity.inputsystem/InputSystem/Events/InputEventStream.cs") state(2)
Script is not up to date after domain reload: guid(ce1664b057efc40759e0da41d54e3e4e) path("Packages/com.unity.inputsystem/InputSystem/Plugins/Users/InputUserChange.cs") state(2)
Script is not up to date after domain reload: guid(bca227b3a59246a197db2ff52b862072) path("Packages/com.unity.inputsystem/InputSystem/Plugins/UI/ExtendedPointerEventData.cs") state(2)
Script is not up to date after domain reload: guid(ede17f8b7e9dfcf42b560545a8102eeb) path("Packages/com.unity.inputsystem/InputSystem/Plugins/Android/AndroidKeyCode.cs") state(2)
Script is not up to date after domain reload: guid(4eac2aa5bc9a4fc1b87308eec2acf8b1) path("Packages/com.unity.inputsystem/InputSystem/Devices/Pen.cs") state(2)
Script is not up to date after domain reload: guid(dfa8add0e3ed349708aeadc8b8c1ad0f) path("Packages/com.unity.inputsystem/InputSystem/Editor/ControlPicker/InputControlPickerState.cs") state(2)
Script is not up to date after domain reload: guid(9c425cd71d0042cbbd24386f4e4b9ec1) path("Packages/com.unity.inputsystem/InputSystem/Devices/Precompiled/FastMouse.partial.cs") state(2)
Script is not up to date after domain reload: guid(7c93968c9be74a1fa43a3dad5eed4cbd) path("Packages/com.unity.inputsystem/InputSystem/Editor/Internal/InputActionSerializationHelpers.cs") state(2)
Script is not up to date after domain reload: guid(4f7d29e15c49c49499875a6a2378f2a4) path("Packages/com.unity.inputsystem/InputSystem/Editor/InputParameterEditor.cs") state(2)
Script is not up to date after domain reload: guid(5f84d6a1bd34ea6428fa1db0e9f459cb) path("Packages/com.unity.inputsystem/InputSystem/Plugins/XR/Haptics/SendHapticImpulseCommand.cs") state(2)
Launched and connected shader compiler UnityShaderCompiler.exe after 0.06 seconds
Refreshing native plugins compatible for Editor in 1.10 ms, found 4 plugins.
Preloading 0 native plugins for Editor in 0.00 ms.
Unloading 3998 Unused Serialized files (Serialized files now loaded: 0)
Unloading 42 unused Assets / (229.3 KB). Loaded Objects now: 4450.
Memory consumption went from 153.2 MB to 153.0 MB.
Total: 3.257200 ms (FindLiveObjects: 0.326700 ms CreateObjectMapping: 0.223900 ms MarkObjects: 2.552300 ms  DeleteObjects: 0.152900 ms)

AssetImportParameters requested are different than current active one (requested -> active):
  custom:video-decoder-ogg-theora: a1e56fd34408186e4bbccfd4996cb3dc -> 
  custom:container-muxer-webm: aa71ff27fc2769a1b78a27578f13a17b -> 
  custom:container-demuxer-webm: 4f35f7cbe854078d1ac9338744f61a02 -> 
  custom:video-encoder-webm-vp8: eb34c28f22e8b96e1ab97ce403110664 -> 
  custom:audio-encoder-webm-vorbis: bf7c407c2cedff20999df2af8eb42d56 -> 
  custom:framework-win-MediaFoundation: 216162199b28c13a410421893ffa2e32 -> 
  custom:container-demuxer-ogg: 62fdf1f143b41e24485cea50d1cbac27 -> 
  custom:video-decoder-webm-vp8: 9c59270c3fd7afecdb556c50c9e8de78 -> 
  custom:audio-decoder-ogg-vorbis: bf7c407c2cedff20999df2af8eb42d56 -> 
========================================================================
Received Prepare
Registering precompiled user dll's ...
Registered in 0.007510 seconds.
Begin MonoManager ReloadAssembly
Symbol file LoadedFromMemory doesn't match image H:\Unity Projects\OO Skills\Library\PackageCache\com.unity.visualscripting@1.8.0\Editor\VisualScripting.Core\Dependencies\YamlDotNet\Unity.VisualScripting.YamlDotNet.dll
Symbol file LoadedFromMemory doesn't match image H:\Unity Projects\OO Skills\Library\PackageCache\com.unity.visualscripting@1.8.0\Editor\VisualScripting.Core\Dependencies\DotNetZip\Unity.VisualScripting.IonicZip.dll
Native extension for WindowsStandalone target not found
Native extension for WebGL target not found
Refreshing native plugins compatible for Editor in 113.35 ms, found 4 plugins.
Preloading 0 native plugins for Editor in 0.00 ms.
Mono: successfully reloaded assembly
- Completed reload, in  0.913 seconds
Domain Reload Profiling:
	ReloadAssembly (913ms)
		BeginReloadAssembly (151ms)
			ExecutionOrderSort (0ms)
			DisableScriptedObjects (7ms)
			BackupInstance (0ms)
			ReleaseScriptingObjects (0ms)
			CreateAndSetChildDomain (38ms)
		EndReloadAssembly (652ms)
			LoadAssemblies (89ms)
			RebuildTransferFunctionScriptingTraits (0ms)
			SetupTypeCache (180ms)
			ReleaseScriptCaches (1ms)
			RebuildScriptCaches (30ms)
			SetupLoadedEditorAssemblies (320ms)
				LogAssemblyErrors (0ms)
				InitializePlatformSupportModulesInManaged (6ms)
				SetLoadedEditorAssemblies (0ms)
				RefreshPlugins (113ms)
				BeforeProcessingInitializeOnLoad (74ms)
				ProcessInitializeOnLoadAttributes (106ms)
				ProcessInitializeOnLoadMethodAttributes (15ms)
				AfterProcessingInitializeOnLoad (5ms)
				EditorAssembliesLoaded (0ms)
			ExecutionOrderSort2 (0ms)
			AwakeInstancesAfterBackupRestoration (9ms)
Platform modules already initialized, skipping
Refreshing native plugins compatible for Editor in 1.78 ms, found 4 plugins.
Preloading 0 native plugins for Editor in 0.00 ms.
Unloading 4074 Unused Serialized files (Serialized files now loaded: 0)
Unloading 29 unused Assets / (195.9 KB). Loaded Objects now: 4531.
Memory consumption went from 154.0 MB to 153.8 MB.
Total: 2.621200 ms (FindLiveObjects: 0.286700 ms CreateObjectMapping: 0.211400 ms MarkObjects: 1.988400 ms  DeleteObjects: 0.133800 ms)

AssetImportParameters requested are different than current active one (requested -> active):
  custom:video-decoder-ogg-theora: a1e56fd34408186e4bbccfd4996cb3dc -> 
  custom:container-muxer-webm: aa71ff27fc2769a1b78a27578f13a17b -> 
  custom:container-demuxer-webm: 4f35f7cbe854078d1ac9338744f61a02 -> 
  custom:postprocessor/textureSprite: 704a9d4329f3af01b3a5c89999a88182 -> 1909f56bfc062723c751e8b465ee728b
  custom:video-encoder-webm-vp8: eb34c28f22e8b96e1ab97ce403110664 -> 
  custom:audio-encoder-webm-vorbis: bf7c407c2cedff20999df2af8eb42d56 -> 
  custom:framework-win-MediaFoundation: 216162199b28c13a410421893ffa2e32 -> 
  custom:container-demuxer-ogg: 62fdf1f143b41e24485cea50d1cbac27 -> 
  custom:video-decoder-webm-vp8: 9c59270c3fd7afecdb556c50c9e8de78 -> 
  custom:audio-decoder-ogg-vorbis: bf7c407c2cedff20999df2af8eb42d56 -> 
